<?xml version="1.0" encoding="UTF-8"?>
<!-- Generated by org.testng.reporters.JUnitReportReporter -->
<testsuite skipped="0" hostname="LAPTOP-H5BJUJG2" name="testcases.ProjectNameValidate" tests="1" failures="0" timestamp="2020-04-30T09:25:56 IST" time="8.317" errors="0">
  <testcase name="validateProjectName" time="8.317" classname="testcases.ProjectNameValidate"/>
  <system-out/>
</testsuite> <!-- testcases.ProjectNameValidate -->
