<?xml version="1.0" encoding="UTF-8"?>
<!-- Generated by org.testng.reporters.JUnitReportReporter -->
<testsuite skipped="0" hostname="LAPTOP-H5BJUJG2" name="testcases.MMT_Automation" tests="1" failures="0" timestamp="2020-05-06T15:43:07 IST" time="66.508" errors="0">
  <testcase name="bookflight" time="66.508" classname="testcases.MMT_Automation"/>
  <system-out/>
</testsuite> <!-- testcases.MMT_Automation -->
