<?xml version="1.0" encoding="UTF-8"?>
<!-- Generated by org.testng.reporters.JUnitReportReporter -->
<testsuite skipped="0" hostname="LAPTOP-H5BJUJG2" name="testcases.Linarc_TaskCreate_QA2" tests="1" failures="0" timestamp="2020-05-15T14:12:59 IST" time="173.207" errors="0">
  <testcase name="createTasks" time="173.207" classname="testcases.Linarc_TaskCreate_QA2"/>
</testsuite> <!-- testcases.Linarc_TaskCreate_QA2 -->
