<?xml version="1.0" encoding="UTF-8"?>
<!-- Generated by org.testng.reporters.JUnitReportReporter -->
<testsuite skipped="0" hostname="LAPTOP-H5BJUJG2" name="testcases.Linarc_TaskCreate_Alpha" tests="1" failures="0" timestamp="2020-05-14T19:03:21 IST" time="12.475" errors="0">
  <testcase name="createTasks" time="12.475" classname="testcases.Linarc_TaskCreate_Alpha"/>
</testsuite> <!-- testcases.Linarc_TaskCreate_Alpha -->
