<?xml version="1.0" encoding="UTF-8"?>
<!-- Generated by org.testng.reporters.JUnitReportReporter -->
<testsuite skipped="0" hostname="LAPTOP-H5BJUJG2" name="testcases.ProjectNameValidate" tests="1" failures="0" timestamp="2020-04-30T12:13:08 IST" time="5.289" errors="0">
  <testcase name="validateProjectName" time="5.289" classname="testcases.ProjectNameValidate"/>
</testsuite> <!-- testcases.ProjectNameValidate -->
