<?xml version="1.0" encoding="UTF-8"?>
<!-- Generated by org.testng.reporters.JUnitReportReporter -->
<testsuite skipped="0" hostname="LAPTOP-H5BJUJG2" name="testcases.Linarc_TaskCreate" tests="1" failures="0" timestamp="2020-05-14T15:34:27 IST" time="63.031" errors="0">
  <testcase name="createTasks" time="63.031" classname="testcases.Linarc_TaskCreate"/>
</testsuite> <!-- testcases.Linarc_TaskCreate -->
