<?xml version="1.0" encoding="UTF-8"?>
<!-- Generated by org.testng.reporters.JUnitReportReporter -->
<testsuite skipped="0" hostname="LAPTOP-H5BJUJG2" name="testcases.PageValidate" tests="1" failures="0" timestamp="2020-04-28T21:41:10 IST" time="23.928" errors="0">
  <testcase name="validate" time="23.928" classname="testcases.PageValidate"/>
</testsuite> <!-- testcases.PageValidate -->
