<?xml version="1.0" encoding="UTF-8"?>
<!-- Generated by org.testng.reporters.JUnitReportReporter -->
<testsuite skipped="0" hostname="LAPTOP-H5BJUJG2" name="testcases.MMT_Automation" tests="1" failures="0" timestamp="2020-05-04T23:16:34 IST" time="68.109" errors="0">
  <testcase name="bookflight" time="68.109" classname="testcases.MMT_Automation"/>
</testsuite> <!-- testcases.MMT_Automation -->
