<?xml version="1.0" encoding="UTF-8"?>
<!-- Generated by org.testng.reporters.JUnitReportReporter -->
<testsuite skipped="0" hostname="LAPTOP-H5BJUJG2" name="testcases.SigninPage" tests="2" failures="0" timestamp="2020-04-30T12:13:08 IST" time="9.631" errors="0">
  <testcase name="LoginPage" time="7.724" classname="testcases.SigninPage"/>
  <testcase name="LoginPage" time="1.907" classname="testcases.SigninPage"/>
</testsuite> <!-- testcases.SigninPage -->
