<?xml version="1.0" encoding="UTF-8"?>
<!-- Generated by org.testng.reporters.JUnitReportReporter -->
<testsuite skipped="0" hostname="LAPTOP-H5BJUJG2" name="testcases.FirstProject" tests="2" failures="0" timestamp="2020-04-28T12:43:14 IST" time="35.453" errors="0">
  <testcase name="home" time="17.928" classname="testcases.FirstProject"/>
  <testcase name="home" time="17.525" classname="testcases.FirstProject"/>
</testsuite> <!-- testcases.FirstProject -->
