<?xml version="1.0" encoding="UTF-8"?>
<!-- Generated by org.testng.reporters.JUnitReportReporter -->
<testsuite skipped="0" hostname="LAPTOP-H5BJUJG2" name="testcases.SigninPage" tests="2" failures="0" timestamp="2020-04-30T09:25:56 IST" time="5.838" errors="0">
  <testcase name="LoginPage" time="4.682" classname="testcases.SigninPage"/>
  <system-out/>
  <testcase name="LoginPage" time="1.156" classname="testcases.SigninPage"/>
  <system-out/>
</testsuite> <!-- testcases.SigninPage -->
